mov r0, qword 0x45
call 0x45 0x1 0x53
mov r1, qword 0xa756f5920656553
push qword r1
mov r0, qword 0x2
mov r1, qword 0x1
mov qword r2, r16
mov r3, qword 0x8
syscall stack
hlt
mov r0, byte 0x2
mov r1, byte 0x1
mov r2, byte 0
mov r3, byte 0x23
syscall data
mov r0, byte 0x2
mov r1, byte 0x1
mov r2, byte 0x28
mov r3, byte 0xb
syscall data
mov r0, byte 0x1
mov r1, byte 0
mov r2, dword 0x40
mov r3, qword 0x1
syscall data
mov r8, byte ptr data[0x40]
cmp r8, byte 0x51
je 0x2
hlt
mov r0, byte 0x1
mov r1, byte 0
mov r2, byte 0x40
mov r3, byte 0x1
syscall data
mov r8, byte ptr data[0x40]
cmp r8, byte 0x57
jne 0x3
jmp 0x2
hlt
mov qword ptr data[0x40], r9
mov r0, byte 0x1
mov r1, word 0
mov r2, word 0x40
mov r3, byte 0x1
syscall data
mov r8, byte ptr data[0x40]
xor r8, byte 0x77
cmp r8, byte 0x26
jne 0xffffffc9
mov qword ptr data[0x40], r9
mov qword ptr data[0x48], r9
mov qword ptr data[0x50], r9
mov qword ptr data[0x58], r9
mov qword ptr data[0x60], r9
mov r0, byte 0x1
mov r1, word 0
mov r2, word 0x40
mov r3, byte 0x21
syscall data
xor qword r8, r8
mov r8, qword ptr data[0x40]
mov r9, qword 0x427234129827abcd
xor qword r8, r9
cmp r8, qword 0x10240740dc179b8a
je 0x2
hlt
xor qword r8, r8
mov r8, qword ptr data[0x48]
mov r9, qword 0x127412341241dead
xor qword r8, r9
cmp r8, qword 0x213a22705e70edfa
je 0x2
hlt
xor qword r8, r8
mov r8, qword ptr data[0x50]
mov r9, qword 0x8634965812abc123
xor qword r8, r9
cmp r8, qword 0xa75ae10820d2b377
je 0x2
hlt
xor qword r8, r8
mov r8, qword ptr data[0x58]
mov r9, qword 0x123216781236789a
xor qword r8, r9
cmp r8, qword 0x5d75593f5d7137dd
je 0x2
hlt
mov r0, byte 0x2
mov r1, byte 0x1
mov r2, byte 0x34
mov r3, byte 0x6
syscall data
push qword r17
mov qword r17, r16
sub r16, qword 0x100
mov qword r4, r16
mov r5, qword 0xa214f474f4721
push qword r5
mov r5, qword 0x574f4e54494e5750
push qword r5
mov qword r5, r16
mov r0, byte 0x2
mov r1, byte 0x1
mov qword r2, r16
mov r3, byte 0xf
syscall stack
mov r0, byte 0x1
mov r1, byte 0
mov qword r2, r4
mov r3, qword 0x800
syscall stack
cmp r0, qword 0         offset: 0x26d => test.bin[0x36d]
jnl 0x2
hlt
mov qword r3, r0
mov r1, byte 0x1
mov qword r2, r4
mov r0, qword 0x2

pwndbg> telescope $vm 0x20
00:0000│ rax rdi  0x564c187c7260 ◂— 0x2
01:0008│          0x564c187c7268 ◂— 0x1
02:0010│          0x564c187c7270 ◂— 0xfef0
03:0018│          0x564c187c7278 ◂— 0x800
04:0020│          0x564c187c7280 ◂— 0xfef0
05:0028│          0x564c187c7288 ◂— 0xfee0
06:0030│          0x564c187c7290 ◂— 0x0
... ↓
08:0040│          0x564c187c72a0 ◂— 0x5d75593f5d7137dd
09:0048│          0x564c187c72a8 ◂— 0x123216781236789a
0a:0050│          0x564c187c72b0 ◂— 0x0
... ↓
10:0080│          0x564c187c72e0 ◂— 0xfee0
11:0088│          0x564c187c72e8 ◂— 0xfff0
12:0090│          0x564c187c72f0 ◂— 0x294
13:0098│          0x564c187c72f8 ◂— 0x0
14:00a0│          0x564c187c7300 ◂— 0x1000
15:00a8│          0x564c187c7308 —▸ 0x564c187c7340 ◂— 0x45004501
16:00b0│          0x564c187c7310 ◂— 0x1000
17:00b8│          0x564c187c7318 —▸ 0x564c187c8350 ◂— 0x20656d6f636c6557 ('Welcome ')
18:00c0│          0x564c187c7320 ◂— 0x20000
19:00c8│          0x564c187c7328 —▸ 0x7f008d8ce010 ◂— 0x0
1a:00d0│          0x564c187c7330 ◂— 0x0

pwndbg> telescope 0x7f008d8ddf00
00:0000│   0x7f008d8ddf00 ◂— 0x6161616261616161 ('aaaabaaa')
01:0008│   0x7f008d8ddf08 ◂— 0x6161616461616163 ('caaadaaa')
02:0010│   0x7f008d8ddf10 ◂— 0x6161616661616165 ('eaaafaaa')
03:0018│   0x7f008d8ddf18 ◂— 0x6161616861616167 ('gaaahaaa')
04:0020│   0x7f008d8ddf20 ◂— 0x6161616a61616169 ('iaaajaaa')
05:0028│   0x7f008d8ddf28 ◂— 0x6161616c6161616b ('kaaalaaa')
06:0030│   0x7f008d8ddf30 ◂— 0x6161616e6161616d ('maaanaaa')
07:0038│   0x7f008d8ddf38 ◂— 0x616161706161616f ('oaaapaaa')

syscall stack           offset: 0x294 => test.bin[0x394]    20 09   write(2, (void *)(param_1[0x19] + param_1[2]),param_1[3])

00:0000│   0x564c187c7260 ◂— 0x2
01:0008│   0x564c187c7268 ◂— 0x1
02:0010│   0x564c187c7270 ◂— 0xfef0
03:0018│   0x564c187c7278 ◂— 0x800
04:0020│   0x564c187c7280 ◂— 0xfef0
05:0028│   0x564c187c7288 ◂— 0xfee0
06:0030│   0x564c187c7290 ◂— 0x0
... ↓
08:0040│   0x564c187c72a0 ◂— 0x5d75593f5d7137dd
09:0048│   0x564c187c72a8 ◂— 0x123216781236789a
0a:0050│   0x564c187c72b0 ◂— 0x0
... ↓
10:0080│   0x564c187c72e0 ◂— 0xfee0
11:0088│   0x564c187c72e8 ◂— 0xfff0
12:0090│   0x564c187c72f0 ◂— 0x294
13:0098│   0x564c187c72f8 ◂— 0x0
14:00a0│   0x564c187c7300 ◂— 0x1000
15:00a8│   0x564c187c7308 —▸ 0x564c187c7340 ◂— 0x45004501
16:00b0│   0x564c187c7310 ◂— 0x1000
17:00b8│   0x564c187c7318 —▸ 0x564c187c8350 ◂— 0x20656d6f636c6557 ('Welcome ')
18:00c0│   0x564c187c7320 ◂— 0x20000
19:00c8│   0x564c187c7328 —▸ 0x7f008d8ce010 ◂— 0x0
1a:00d0│   0x564c187c7330 ◂— 0x0

mov qword r16, r17      
pop qword r17
ret                     offset: 0x29d => test.bin[0x39d]

0x108*"A" + "AAAAAAAA" => vm[0x12] = 0x4141414141414141